2016-07-26 02:35:28,329 | INFO  | Refreshing org.apache.activemq.xbean.XBeanBrokerFactory$1@7e542721: startup date [Tue Jul 26 02:35:28 ECT 2016]; root of context hierarchy | org.apache.activemq.xbean.XBeanBrokerFactory$1 | main
2016-07-26 02:35:29,766 | INFO  | PListStore:[/opt/lampp/htdocs/sistemas_distribuidos/apache-activemq-5.9.0/data/localhost/tmp_storage] started | org.apache.activemq.store.kahadb.plist.PListStoreImpl | main
2016-07-26 02:35:29,795 | INFO  | Using Persistence Adapter: KahaDBPersistenceAdapter[/opt/lampp/htdocs/sistemas_distribuidos/apache-activemq-5.9.0/data/kahadb] | org.apache.activemq.broker.BrokerService | main
2016-07-26 02:35:30,203 | INFO  | Apache ActiveMQ 5.9.0 (localhost, ID:Lenovo-G40-70-42760-1469518530071-0:1) is starting | org.apache.activemq.broker.BrokerService | main
2016-07-26 02:35:30,218 | INFO  | Listening for connections at: tcp://Lenovo-G40-70:61616?maximumConnections=1000&wireFormat.maxFrameSize=104857600 | org.apache.activemq.transport.TransportServerThreadSupport | main
2016-07-26 02:35:30,222 | INFO  | Connector openwire started | org.apache.activemq.broker.TransportConnector | main
2016-07-26 02:35:30,228 | INFO  | Listening for connections at: amqp://Lenovo-G40-70:5672?maximumConnections=1000&wireFormat.maxFrameSize=104857600 | org.apache.activemq.transport.TransportServerThreadSupport | main
2016-07-26 02:35:30,232 | INFO  | Connector amqp started | org.apache.activemq.broker.TransportConnector | main
2016-07-26 02:35:30,237 | INFO  | Listening for connections at: stomp://Lenovo-G40-70:61613?maximumConnections=1000&wireFormat.maxFrameSize=104857600 | org.apache.activemq.transport.TransportServerThreadSupport | main
2016-07-26 02:35:30,239 | INFO  | Connector stomp started | org.apache.activemq.broker.TransportConnector | main
2016-07-26 02:35:30,243 | INFO  | Listening for connections at: mqtt://Lenovo-G40-70:1883?maximumConnections=1000&wireFormat.maxFrameSize=104857600 | org.apache.activemq.transport.TransportServerThreadSupport | main
2016-07-26 02:35:30,245 | INFO  | Connector mqtt started | org.apache.activemq.broker.TransportConnector | main
2016-07-26 02:35:30,383 | INFO  | Listening for connections at ws://Lenovo-G40-70:61614?maximumConnections=1000&wireFormat.maxFrameSize=104857600 | org.apache.activemq.transport.ws.WSTransportServer | main
2016-07-26 02:35:30,384 | INFO  | Connector ws started | org.apache.activemq.broker.TransportConnector | main
2016-07-26 02:35:30,385 | INFO  | Apache ActiveMQ 5.9.0 (localhost, ID:Lenovo-G40-70-42760-1469518530071-0:1) started | org.apache.activemq.broker.BrokerService | main
2016-07-26 02:35:30,386 | INFO  | For help or more information please see: http://activemq.apache.org | org.apache.activemq.broker.BrokerService | main
2016-07-26 02:35:30,388 | WARN  | Store limit is 102400 mb, whilst the data directory: /opt/lampp/htdocs/sistemas_distribuidos/apache-activemq-5.9.0/data/kahadb only has 12604 mb of usable space - resetting to maximum available disk space: 12604 mb | org.apache.activemq.broker.BrokerService | main
2016-07-26 02:35:30,390 | ERROR | Temporary Store limit is 51200 mb, whilst the temporary data directory: /opt/lampp/htdocs/sistemas_distribuidos/apache-activemq-5.9.0/data/localhost/tmp_storage only has 12604 mb of usable space - resetting to maximum available 12604 mb. | org.apache.activemq.broker.BrokerService | main
2016-07-26 02:35:30,784 | INFO  | Welcome to hawtio 1.2-M23 : http://hawt.io/ : Don't cha wish your console was hawt like me? ;-) | io.hawt.jmx.JmxTreeWatcher | main
2016-07-26 02:35:30,789 | INFO  | Starting hawtio authentication filter, JAAS realm: "activemq" authorized role: "admins" role principal classes: "org.apache.activemq.jaas.GroupPrincipal" | io.hawt.web.AuthenticationFilter | main
2016-07-26 02:35:30,830 | INFO  | Using file upload directory: /opt/lampp/htdocs/sistemas_distribuidos/apache-activemq-5.9.0/tmp/uploads | io.hawt.web.UploadServlet | main
2016-07-26 02:35:30,842 | INFO  | jolokia-agent: Using access restrictor classpath:/jolokia-access.xml | /hawtio | main
2016-07-26 02:35:31,047 | INFO  | ActiveMQ WebConsole available at http://localhost:8161/ | org.apache.activemq.web.WebConsoleStarter | main
2016-07-26 02:35:31,072 | INFO  | Initializing Spring FrameworkServlet 'dispatcher' | /admin | main
2016-07-26 02:52:43,016 | INFO  | Apache ActiveMQ 5.9.0 (localhost, ID:Lenovo-G40-70-42760-1469518530071-0:1) is shutting down | org.apache.activemq.broker.BrokerService | ActiveMQ ShutdownHook
2016-07-26 02:52:45,191 | INFO  | Connector openwire stopped | org.apache.activemq.broker.TransportConnector | ActiveMQ ShutdownHook
2016-07-26 02:52:45,233 | INFO  | Connector amqp stopped | org.apache.activemq.broker.TransportConnector | ActiveMQ ShutdownHook
2016-07-26 02:52:47,235 | INFO  | Connector stomp stopped | org.apache.activemq.broker.TransportConnector | ActiveMQ ShutdownHook
2016-07-26 02:52:49,237 | INFO  | Connector mqtt stopped | org.apache.activemq.broker.TransportConnector | ActiveMQ ShutdownHook
2016-07-26 02:52:49,958 | WARN  | 5 threads could not be stopped | org.eclipse.jetty.util.thread.QueuedThreadPool | ActiveMQ ShutdownHook
2016-07-26 02:52:49,964 | INFO  | Connector ws stopped | org.apache.activemq.broker.TransportConnector | ActiveMQ ShutdownHook
2016-07-26 02:52:50,405 | INFO  | PListStore:[/opt/lampp/htdocs/sistemas_distribuidos/apache-activemq-5.9.0/data/localhost/tmp_storage] stopped | org.apache.activemq.store.kahadb.plist.PListStoreImpl | ActiveMQ ShutdownHook
2016-07-26 02:52:50,406 | INFO  | Stopping async queue tasks | org.apache.activemq.store.kahadb.KahaDBStore | ActiveMQ ShutdownHook
2016-07-26 02:52:50,406 | INFO  | Stopping async topic tasks | org.apache.activemq.store.kahadb.KahaDBStore | ActiveMQ ShutdownHook
2016-07-26 02:52:50,415 | INFO  | Stopped KahaDB | org.apache.activemq.store.kahadb.KahaDBStore | ActiveMQ ShutdownHook
2016-07-26 02:52:52,121 | INFO  | Apache ActiveMQ 5.9.0 (localhost, ID:Lenovo-G40-70-42760-1469518530071-0:1) uptime 17 minutes | org.apache.activemq.broker.BrokerService | ActiveMQ ShutdownHook
2016-07-26 02:52:52,122 | INFO  | Apache ActiveMQ 5.9.0 (localhost, ID:Lenovo-G40-70-42760-1469518530071-0:1) is shutdown | org.apache.activemq.broker.BrokerService | ActiveMQ ShutdownHook
2016-07-26 02:52:52,123 | INFO  | Closing org.apache.activemq.xbean.XBeanBrokerFactory$1@7e542721: startup date [Tue Jul 26 02:35:28 ECT 2016]; root of context hierarchy | org.apache.activemq.xbean.XBeanBrokerFactory$1 | ActiveMQ ShutdownHook
2016-07-26 02:52:52,548 | INFO  | Destroying Spring FrameworkServlet 'dispatcher' | /admin | ActiveMQ ShutdownHook
2016-07-26 02:52:52,653 | INFO  | Destroying hawtio authentication filter | io.hawt.web.AuthenticationFilter | ActiveMQ ShutdownHook
2016-08-16 02:39:18,399 | INFO  | Refreshing org.apache.activemq.xbean.XBeanBrokerFactory$1@19290b6f: startup date [Tue Aug 16 02:39:18 ECT 2016]; root of context hierarchy | org.apache.activemq.xbean.XBeanBrokerFactory$1 | main
2016-08-16 02:39:20,454 | INFO  | PListStore:[/opt/lampp/htdocs/sistemas_distribuidos/apache-activemq-5.9.0/data/localhost/tmp_storage] started | org.apache.activemq.store.kahadb.plist.PListStoreImpl | main
2016-08-16 02:39:20,498 | INFO  | Using Persistence Adapter: KahaDBPersistenceAdapter[/opt/lampp/htdocs/sistemas_distribuidos/apache-activemq-5.9.0/data/kahadb] | org.apache.activemq.broker.BrokerService | main
2016-08-16 02:39:20,879 | INFO  | KahaDB is version 5 | org.apache.activemq.store.kahadb.MessageDatabase | main
2016-08-16 02:39:20,903 | INFO  | Recovering from the journal ... | org.apache.activemq.store.kahadb.MessageDatabase | main
2016-08-16 02:39:20,916 | INFO  | Recovery replayed 207 operations from the journal in 0.032 seconds. | org.apache.activemq.store.kahadb.MessageDatabase | main
2016-08-16 02:39:21,151 | INFO  | Apache ActiveMQ 5.9.0 (localhost, ID:Lenovo-G40-70-34918-1471333160937-0:1) is starting | org.apache.activemq.broker.BrokerService | main
2016-08-16 02:39:21,182 | INFO  | Listening for connections at: tcp://Lenovo-G40-70:61616?maximumConnections=1000&wireFormat.maxFrameSize=104857600 | org.apache.activemq.transport.TransportServerThreadSupport | main
2016-08-16 02:39:21,185 | INFO  | Connector openwire started | org.apache.activemq.broker.TransportConnector | main
2016-08-16 02:39:21,189 | INFO  | Listening for connections at: amqp://Lenovo-G40-70:5672?maximumConnections=1000&wireFormat.maxFrameSize=104857600 | org.apache.activemq.transport.TransportServerThreadSupport | main
2016-08-16 02:39:21,191 | INFO  | Connector amqp started | org.apache.activemq.broker.TransportConnector | main
2016-08-16 02:39:21,195 | INFO  | Listening for connections at: stomp://Lenovo-G40-70:61613?maximumConnections=1000&wireFormat.maxFrameSize=104857600 | org.apache.activemq.transport.TransportServerThreadSupport | main
2016-08-16 02:39:21,196 | INFO  | Connector stomp started | org.apache.activemq.broker.TransportConnector | main
2016-08-16 02:39:21,200 | INFO  | Listening for connections at: mqtt://Lenovo-G40-70:1883?maximumConnections=1000&wireFormat.maxFrameSize=104857600 | org.apache.activemq.transport.TransportServerThreadSupport | main
2016-08-16 02:39:21,201 | INFO  | Connector mqtt started | org.apache.activemq.broker.TransportConnector | main
2016-08-16 02:39:21,785 | INFO  | Listening for connections at ws://Lenovo-G40-70:61614?maximumConnections=1000&wireFormat.maxFrameSize=104857600 | org.apache.activemq.transport.ws.WSTransportServer | main
2016-08-16 02:39:21,786 | INFO  | Connector ws started | org.apache.activemq.broker.TransportConnector | main
2016-08-16 02:39:21,791 | INFO  | Apache ActiveMQ 5.9.0 (localhost, ID:Lenovo-G40-70-34918-1471333160937-0:1) started | org.apache.activemq.broker.BrokerService | main
2016-08-16 02:39:21,793 | INFO  | For help or more information please see: http://activemq.apache.org | org.apache.activemq.broker.BrokerService | main
2016-08-16 02:39:21,795 | WARN  | Store limit is 102400 mb, whilst the data directory: /opt/lampp/htdocs/sistemas_distribuidos/apache-activemq-5.9.0/data/kahadb only has 11740 mb of usable space - resetting to maximum available disk space: 11740 mb | org.apache.activemq.broker.BrokerService | main
2016-08-16 02:39:21,796 | ERROR | Temporary Store limit is 51200 mb, whilst the temporary data directory: /opt/lampp/htdocs/sistemas_distribuidos/apache-activemq-5.9.0/data/localhost/tmp_storage only has 11740 mb of usable space - resetting to maximum available 11740 mb. | org.apache.activemq.broker.BrokerService | main
2016-08-16 02:39:22,308 | INFO  | Welcome to hawtio 1.2-M23 : http://hawt.io/ : Don't cha wish your console was hawt like me? ;-) | io.hawt.jmx.JmxTreeWatcher | main
2016-08-16 02:39:22,333 | INFO  | Starting hawtio authentication filter, JAAS realm: "activemq" authorized role: "admins" role principal classes: "org.apache.activemq.jaas.GroupPrincipal" | io.hawt.web.AuthenticationFilter | main
2016-08-16 02:39:22,380 | INFO  | Using file upload directory: /opt/lampp/htdocs/sistemas_distribuidos/apache-activemq-5.9.0/tmp/uploads | io.hawt.web.UploadServlet | main
2016-08-16 02:39:22,392 | INFO  | jolokia-agent: Using access restrictor classpath:/jolokia-access.xml | /hawtio | main
2016-08-16 02:39:22,702 | INFO  | ActiveMQ WebConsole available at http://localhost:8161/ | org.apache.activemq.web.WebConsoleStarter | main
2016-08-16 02:39:22,829 | INFO  | Initializing Spring FrameworkServlet 'dispatcher' | /admin | main
2016-08-16 02:45:17,469 | INFO  | Refreshing org.apache.activemq.xbean.XBeanBrokerFactory$1@19290b6f: startup date [Tue Aug 16 02:45:17 ECT 2016]; root of context hierarchy | org.apache.activemq.xbean.XBeanBrokerFactory$1 | main
2016-08-16 02:45:18,558 | INFO  | PListStore:[/opt/lampp/htdocs/sistemas_distribuidos/apache-activemq-5.9.0/data/localhost/tmp_storage] started | org.apache.activemq.store.kahadb.plist.PListStoreImpl | main
2016-08-16 02:45:18,589 | INFO  | Using Persistence Adapter: KahaDBPersistenceAdapter[/opt/lampp/htdocs/sistemas_distribuidos/apache-activemq-5.9.0/data/kahadb] | org.apache.activemq.broker.BrokerService | main
2016-08-16 02:45:18,595 | INFO  | Database /opt/lampp/htdocs/sistemas_distribuidos/apache-activemq-5.9.0/data/kahadb/lock is locked... waiting 10 seconds for the database to be unlocked. Reason: java.io.IOException: File '/opt/lampp/htdocs/sistemas_distribuidos/apache-activemq-5.9.0/data/kahadb/lock' could not be locked. | org.apache.activemq.store.SharedFileLocker | main
2016-08-16 02:45:28,598 | INFO  | Database /opt/lampp/htdocs/sistemas_distribuidos/apache-activemq-5.9.0/data/kahadb/lock is locked... waiting 10 seconds for the database to be unlocked. Reason: java.io.IOException: File '/opt/lampp/htdocs/sistemas_distribuidos/apache-activemq-5.9.0/data/kahadb/lock' could not be locked. | org.apache.activemq.store.SharedFileLocker | main
2016-08-16 02:45:38,601 | INFO  | Database /opt/lampp/htdocs/sistemas_distribuidos/apache-activemq-5.9.0/data/kahadb/lock is locked... waiting 10 seconds for the database to be unlocked. Reason: java.io.IOException: File '/opt/lampp/htdocs/sistemas_distribuidos/apache-activemq-5.9.0/data/kahadb/lock' could not be locked. | org.apache.activemq.store.SharedFileLocker | main
2016-08-16 02:45:48,605 | INFO  | Database /opt/lampp/htdocs/sistemas_distribuidos/apache-activemq-5.9.0/data/kahadb/lock is locked... waiting 10 seconds for the database to be unlocked. Reason: java.io.IOException: File '/opt/lampp/htdocs/sistemas_distribuidos/apache-activemq-5.9.0/data/kahadb/lock' could not be locked. | org.apache.activemq.store.SharedFileLocker | main
2016-08-16 02:45:58,609 | INFO  | Database /opt/lampp/htdocs/sistemas_distribuidos/apache-activemq-5.9.0/data/kahadb/lock is locked... waiting 10 seconds for the database to be unlocked. Reason: java.io.IOException: File '/opt/lampp/htdocs/sistemas_distribuidos/apache-activemq-5.9.0/data/kahadb/lock' could not be locked. | org.apache.activemq.store.SharedFileLocker | main
2016-08-16 02:46:08,614 | INFO  | Database /opt/lampp/htdocs/sistemas_distribuidos/apache-activemq-5.9.0/data/kahadb/lock is locked... waiting 10 seconds for the database to be unlocked. Reason: java.io.IOException: File '/opt/lampp/htdocs/sistemas_distribuidos/apache-activemq-5.9.0/data/kahadb/lock' could not be locked. | org.apache.activemq.store.SharedFileLocker | main
2016-08-16 02:46:18,640 | INFO  | Database /opt/lampp/htdocs/sistemas_distribuidos/apache-activemq-5.9.0/data/kahadb/lock is locked... waiting 10 seconds for the database to be unlocked. Reason: java.io.IOException: File '/opt/lampp/htdocs/sistemas_distribuidos/apache-activemq-5.9.0/data/kahadb/lock' could not be locked. | org.apache.activemq.store.SharedFileLocker | main
2016-08-16 02:46:28,643 | INFO  | Database /opt/lampp/htdocs/sistemas_distribuidos/apache-activemq-5.9.0/data/kahadb/lock is locked... waiting 10 seconds for the database to be unlocked. Reason: java.io.IOException: File '/opt/lampp/htdocs/sistemas_distribuidos/apache-activemq-5.9.0/data/kahadb/lock' could not be locked. | org.apache.activemq.store.SharedFileLocker | main
2016-08-16 02:46:38,645 | INFO  | Database /opt/lampp/htdocs/sistemas_distribuidos/apache-activemq-5.9.0/data/kahadb/lock is locked... waiting 10 seconds for the database to be unlocked. Reason: java.io.IOException: File '/opt/lampp/htdocs/sistemas_distribuidos/apache-activemq-5.9.0/data/kahadb/lock' could not be locked. | org.apache.activemq.store.SharedFileLocker | main
2016-08-16 02:47:02,853 | INFO  | Refreshing org.apache.activemq.xbean.XBeanBrokerFactory$1@55adb150: startup date [Tue Aug 16 02:47:02 ECT 2016]; root of context hierarchy | org.apache.activemq.xbean.XBeanBrokerFactory$1 | main
2016-08-16 02:47:04,105 | INFO  | PListStore:[/opt/lampp/htdocs/sistemas_distribuidos/apache-activemq-5.9.0/data/localhost/tmp_storage] started | org.apache.activemq.store.kahadb.plist.PListStoreImpl | main
2016-08-16 02:47:04,139 | INFO  | Using Persistence Adapter: KahaDBPersistenceAdapter[/opt/lampp/htdocs/sistemas_distribuidos/apache-activemq-5.9.0/data/kahadb] | org.apache.activemq.broker.BrokerService | main
2016-08-16 02:47:04,151 | INFO  | Database /opt/lampp/htdocs/sistemas_distribuidos/apache-activemq-5.9.0/data/kahadb/lock is locked... waiting 10 seconds for the database to be unlocked. Reason: java.io.IOException: File '/opt/lampp/htdocs/sistemas_distribuidos/apache-activemq-5.9.0/data/kahadb/lock' could not be locked. | org.apache.activemq.store.SharedFileLocker | main
2016-08-16 02:47:14,154 | INFO  | Database /opt/lampp/htdocs/sistemas_distribuidos/apache-activemq-5.9.0/data/kahadb/lock is locked... waiting 10 seconds for the database to be unlocked. Reason: java.io.IOException: File '/opt/lampp/htdocs/sistemas_distribuidos/apache-activemq-5.9.0/data/kahadb/lock' could not be locked. | org.apache.activemq.store.SharedFileLocker | main
2016-08-16 02:47:24,157 | INFO  | Database /opt/lampp/htdocs/sistemas_distribuidos/apache-activemq-5.9.0/data/kahadb/lock is locked... waiting 10 seconds for the database to be unlocked. Reason: java.io.IOException: File '/opt/lampp/htdocs/sistemas_distribuidos/apache-activemq-5.9.0/data/kahadb/lock' could not be locked. | org.apache.activemq.store.SharedFileLocker | main
2016-08-16 02:47:34,162 | INFO  | Database /opt/lampp/htdocs/sistemas_distribuidos/apache-activemq-5.9.0/data/kahadb/lock is locked... waiting 10 seconds for the database to be unlocked. Reason: java.io.IOException: File '/opt/lampp/htdocs/sistemas_distribuidos/apache-activemq-5.9.0/data/kahadb/lock' could not be locked. | org.apache.activemq.store.SharedFileLocker | main
2016-08-16 02:47:44,165 | INFO  | Database /opt/lampp/htdocs/sistemas_distribuidos/apache-activemq-5.9.0/data/kahadb/lock is locked... waiting 10 seconds for the database to be unlocked. Reason: java.io.IOException: File '/opt/lampp/htdocs/sistemas_distribuidos/apache-activemq-5.9.0/data/kahadb/lock' could not be locked. | org.apache.activemq.store.SharedFileLocker | main
2016-08-16 02:47:54,184 | INFO  | Database /opt/lampp/htdocs/sistemas_distribuidos/apache-activemq-5.9.0/data/kahadb/lock is locked... waiting 10 seconds for the database to be unlocked. Reason: java.io.IOException: File '/opt/lampp/htdocs/sistemas_distribuidos/apache-activemq-5.9.0/data/kahadb/lock' could not be locked. | org.apache.activemq.store.SharedFileLocker | main
2016-08-16 02:48:04,188 | INFO  | Database /opt/lampp/htdocs/sistemas_distribuidos/apache-activemq-5.9.0/data/kahadb/lock is locked... waiting 10 seconds for the database to be unlocked. Reason: java.io.IOException: File '/opt/lampp/htdocs/sistemas_distribuidos/apache-activemq-5.9.0/data/kahadb/lock' could not be locked. | org.apache.activemq.store.SharedFileLocker | main
2016-08-16 02:48:14,194 | INFO  | Database /opt/lampp/htdocs/sistemas_distribuidos/apache-activemq-5.9.0/data/kahadb/lock is locked... waiting 10 seconds for the database to be unlocked. Reason: java.io.IOException: File '/opt/lampp/htdocs/sistemas_distribuidos/apache-activemq-5.9.0/data/kahadb/lock' could not be locked. | org.apache.activemq.store.SharedFileLocker | main
2016-08-16 02:48:24,196 | INFO  | Database /opt/lampp/htdocs/sistemas_distribuidos/apache-activemq-5.9.0/data/kahadb/lock is locked... waiting 10 seconds for the database to be unlocked. Reason: java.io.IOException: File '/opt/lampp/htdocs/sistemas_distribuidos/apache-activemq-5.9.0/data/kahadb/lock' could not be locked. | org.apache.activemq.store.SharedFileLocker | main
2016-08-16 02:48:34,197 | INFO  | Database /opt/lampp/htdocs/sistemas_distribuidos/apache-activemq-5.9.0/data/kahadb/lock is locked... waiting 10 seconds for the database to be unlocked. Reason: java.io.IOException: File '/opt/lampp/htdocs/sistemas_distribuidos/apache-activemq-5.9.0/data/kahadb/lock' could not be locked. | org.apache.activemq.store.SharedFileLocker | main
2016-08-16 02:48:44,199 | INFO  | Database /opt/lampp/htdocs/sistemas_distribuidos/apache-activemq-5.9.0/data/kahadb/lock is locked... waiting 10 seconds for the database to be unlocked. Reason: java.io.IOException: File '/opt/lampp/htdocs/sistemas_distribuidos/apache-activemq-5.9.0/data/kahadb/lock' could not be locked. | org.apache.activemq.store.SharedFileLocker | main
2016-08-16 02:48:54,201 | INFO  | Database /opt/lampp/htdocs/sistemas_distribuidos/apache-activemq-5.9.0/data/kahadb/lock is locked... waiting 10 seconds for the database to be unlocked. Reason: java.io.IOException: File '/opt/lampp/htdocs/sistemas_distribuidos/apache-activemq-5.9.0/data/kahadb/lock' could not be locked. | org.apache.activemq.store.SharedFileLocker | main
2016-08-16 02:49:04,204 | INFO  | Database /opt/lampp/htdocs/sistemas_distribuidos/apache-activemq-5.9.0/data/kahadb/lock is locked... waiting 10 seconds for the database to be unlocked. Reason: java.io.IOException: File '/opt/lampp/htdocs/sistemas_distribuidos/apache-activemq-5.9.0/data/kahadb/lock' could not be locked. | org.apache.activemq.store.SharedFileLocker | main
2016-08-16 02:49:14,206 | INFO  | Database /opt/lampp/htdocs/sistemas_distribuidos/apache-activemq-5.9.0/data/kahadb/lock is locked... waiting 10 seconds for the database to be unlocked. Reason: java.io.IOException: File '/opt/lampp/htdocs/sistemas_distribuidos/apache-activemq-5.9.0/data/kahadb/lock' could not be locked. | org.apache.activemq.store.SharedFileLocker | main
2016-08-16 02:49:24,211 | INFO  | Database /opt/lampp/htdocs/sistemas_distribuidos/apache-activemq-5.9.0/data/kahadb/lock is locked... waiting 10 seconds for the database to be unlocked. Reason: java.io.IOException: File '/opt/lampp/htdocs/sistemas_distribuidos/apache-activemq-5.9.0/data/kahadb/lock' could not be locked. | org.apache.activemq.store.SharedFileLocker | main
2016-08-16 02:49:34,213 | INFO  | Database /opt/lampp/htdocs/sistemas_distribuidos/apache-activemq-5.9.0/data/kahadb/lock is locked... waiting 10 seconds for the database to be unlocked. Reason: java.io.IOException: File '/opt/lampp/htdocs/sistemas_distribuidos/apache-activemq-5.9.0/data/kahadb/lock' could not be locked. | org.apache.activemq.store.SharedFileLocker | main
2016-08-16 02:49:44,215 | INFO  | Database /opt/lampp/htdocs/sistemas_distribuidos/apache-activemq-5.9.0/data/kahadb/lock is locked... waiting 10 seconds for the database to be unlocked. Reason: java.io.IOException: File '/opt/lampp/htdocs/sistemas_distribuidos/apache-activemq-5.9.0/data/kahadb/lock' could not be locked. | org.apache.activemq.store.SharedFileLocker | main
2016-08-16 02:49:54,216 | INFO  | Database /opt/lampp/htdocs/sistemas_distribuidos/apache-activemq-5.9.0/data/kahadb/lock is locked... waiting 10 seconds for the database to be unlocked. Reason: java.io.IOException: File '/opt/lampp/htdocs/sistemas_distribuidos/apache-activemq-5.9.0/data/kahadb/lock' could not be locked. | org.apache.activemq.store.SharedFileLocker | main
2016-08-16 02:50:04,218 | INFO  | Database /opt/lampp/htdocs/sistemas_distribuidos/apache-activemq-5.9.0/data/kahadb/lock is locked... waiting 10 seconds for the database to be unlocked. Reason: java.io.IOException: File '/opt/lampp/htdocs/sistemas_distribuidos/apache-activemq-5.9.0/data/kahadb/lock' could not be locked. | org.apache.activemq.store.SharedFileLocker | main
2016-08-16 02:50:14,221 | INFO  | Database /opt/lampp/htdocs/sistemas_distribuidos/apache-activemq-5.9.0/data/kahadb/lock is locked... waiting 10 seconds for the database to be unlocked. Reason: java.io.IOException: File '/opt/lampp/htdocs/sistemas_distribuidos/apache-activemq-5.9.0/data/kahadb/lock' could not be locked. | org.apache.activemq.store.SharedFileLocker | main
2016-08-16 02:52:06,067 | INFO  | Refreshing org.apache.activemq.xbean.XBeanBrokerFactory$1@55adb150: startup date [Tue Aug 16 02:52:06 ECT 2016]; root of context hierarchy | org.apache.activemq.xbean.XBeanBrokerFactory$1 | main
2016-08-16 02:52:07,147 | INFO  | PListStore:[/opt/lampp/htdocs/sistemas_distribuidos/apache-activemq-5.9.0/data/localhost/tmp_storage] started | org.apache.activemq.store.kahadb.plist.PListStoreImpl | main
2016-08-16 02:52:07,183 | INFO  | Using Persistence Adapter: KahaDBPersistenceAdapter[/opt/lampp/htdocs/sistemas_distribuidos/apache-activemq-5.9.0/data/kahadb] | org.apache.activemq.broker.BrokerService | main
2016-08-16 02:52:07,194 | INFO  | Database /opt/lampp/htdocs/sistemas_distribuidos/apache-activemq-5.9.0/data/kahadb/lock is locked... waiting 10 seconds for the database to be unlocked. Reason: java.io.IOException: File '/opt/lampp/htdocs/sistemas_distribuidos/apache-activemq-5.9.0/data/kahadb/lock' could not be locked. | org.apache.activemq.store.SharedFileLocker | main
2016-08-16 02:53:32,629 | INFO  | Refreshing org.apache.activemq.xbean.XBeanBrokerFactory$1@55adb150: startup date [Tue Aug 16 02:53:32 ECT 2016]; root of context hierarchy | org.apache.activemq.xbean.XBeanBrokerFactory$1 | main
2016-08-16 02:53:33,817 | INFO  | PListStore:[/opt/lampp/htdocs/sistemas_distribuidos/apache-activemq-5.9.0/data/localhost/tmp_storage] started | org.apache.activemq.store.kahadb.plist.PListStoreImpl | main
2016-08-16 02:53:33,852 | INFO  | Using Persistence Adapter: KahaDBPersistenceAdapter[/opt/lampp/htdocs/sistemas_distribuidos/apache-activemq-5.9.0/data/kahadb] | org.apache.activemq.broker.BrokerService | main
2016-08-16 02:53:33,858 | INFO  | Database /opt/lampp/htdocs/sistemas_distribuidos/apache-activemq-5.9.0/data/kahadb/lock is locked... waiting 10 seconds for the database to be unlocked. Reason: java.io.IOException: File '/opt/lampp/htdocs/sistemas_distribuidos/apache-activemq-5.9.0/data/kahadb/lock' could not be locked. | org.apache.activemq.store.SharedFileLocker | main
2016-08-16 02:53:43,862 | INFO  | Database /opt/lampp/htdocs/sistemas_distribuidos/apache-activemq-5.9.0/data/kahadb/lock is locked... waiting 10 seconds for the database to be unlocked. Reason: java.io.IOException: File '/opt/lampp/htdocs/sistemas_distribuidos/apache-activemq-5.9.0/data/kahadb/lock' could not be locked. | org.apache.activemq.store.SharedFileLocker | main
2016-08-16 02:53:45,855 | INFO  | Database /opt/lampp/htdocs/sistemas_distribuidos/apache-activemq-5.9.0/data/kahadb/lock is locked... waiting 10 seconds for the database to be unlocked. Reason: java.io.IOException: File '/opt/lampp/htdocs/sistemas_distribuidos/apache-activemq-5.9.0/data/kahadb/lock' could not be locked. | org.apache.activemq.store.SharedFileLocker | main
2016-08-16 02:53:45,855 | INFO  | Database /opt/lampp/htdocs/sistemas_distribuidos/apache-activemq-5.9.0/data/kahadb/lock is locked... waiting 10 seconds for the database to be unlocked. Reason: java.io.IOException: File '/opt/lampp/htdocs/sistemas_distribuidos/apache-activemq-5.9.0/data/kahadb/lock' could not be locked. | org.apache.activemq.store.SharedFileLocker | main
2016-08-16 02:53:45,855 | INFO  | Database /opt/lampp/htdocs/sistemas_distribuidos/apache-activemq-5.9.0/data/kahadb/lock is locked... waiting 10 seconds for the database to be unlocked. Reason: java.io.IOException: File '/opt/lampp/htdocs/sistemas_distribuidos/apache-activemq-5.9.0/data/kahadb/lock' could not be locked. | org.apache.activemq.store.SharedFileLocker | main
2016-08-16 02:53:45,952 | INFO  | Apache ActiveMQ 5.9.0 (localhost, ID:Lenovo-G40-70-34918-1471333160937-0:1) is shutting down | org.apache.activemq.broker.BrokerService | Thread-24
2016-08-16 02:53:47,855 | INFO  | Connector openwire stopped | org.apache.activemq.broker.TransportConnector | Thread-24
2016-08-16 02:53:49,857 | INFO  | Connector amqp stopped | org.apache.activemq.broker.TransportConnector | Thread-24
2016-08-16 02:53:51,860 | INFO  | Connector stomp stopped | org.apache.activemq.broker.TransportConnector | Thread-24
2016-08-16 02:53:53,862 | INFO  | Connector mqtt stopped | org.apache.activemq.broker.TransportConnector | Thread-24
2016-08-16 02:53:53,939 | INFO  | Connector ws stopped | org.apache.activemq.broker.TransportConnector | Thread-24
2016-08-16 02:53:53,962 | INFO  | PListStore:[/opt/lampp/htdocs/sistemas_distribuidos/apache-activemq-5.9.0/data/localhost/tmp_storage] stopped | org.apache.activemq.store.kahadb.plist.PListStoreImpl | Thread-24
2016-08-16 02:53:53,963 | INFO  | Stopping async queue tasks | org.apache.activemq.store.kahadb.KahaDBStore | Thread-24
2016-08-16 02:53:53,964 | INFO  | Stopping async topic tasks | org.apache.activemq.store.kahadb.KahaDBStore | Thread-24
2016-08-16 02:53:53,972 | INFO  | Stopped KahaDB | org.apache.activemq.store.kahadb.KahaDBStore | Thread-24
2016-08-16 02:53:54,533 | INFO  | Apache ActiveMQ 5.9.0 (localhost, ID:Lenovo-G40-70-34918-1471333160937-0:1) uptime 14 minutes | org.apache.activemq.broker.BrokerService | Thread-24
2016-08-16 02:53:54,534 | INFO  | Apache ActiveMQ 5.9.0 (localhost, ID:Lenovo-G40-70-34918-1471333160937-0:1) is shutdown | org.apache.activemq.broker.BrokerService | Thread-24
2016-08-16 02:53:54,535 | INFO  | Closing org.apache.activemq.xbean.XBeanBrokerFactory$1@19290b6f: startup date [Tue Aug 16 02:39:18 ECT 2016]; root of context hierarchy | org.apache.activemq.xbean.XBeanBrokerFactory$1 | Thread-24
2016-08-16 02:53:54,620 | INFO  | Destroying Spring FrameworkServlet 'dispatcher' | /admin | Thread-24
2016-08-16 02:53:54,650 | INFO  | Destroying hawtio authentication filter | io.hawt.web.AuthenticationFilter | Thread-24
2016-08-16 02:53:55,859 | INFO  | Database /opt/lampp/htdocs/sistemas_distribuidos/apache-activemq-5.9.0/data/kahadb/lock is locked... waiting 10 seconds for the database to be unlocked. Reason: java.io.IOException: File '/opt/lampp/htdocs/sistemas_distribuidos/apache-activemq-5.9.0/data/kahadb/lock' could not be locked. | org.apache.activemq.store.SharedFileLocker | main
2016-08-16 02:53:56,681 | INFO  | KahaDB is version 5 | org.apache.activemq.store.kahadb.MessageDatabase | main
2016-08-16 02:53:57,048 | INFO  | Recovering from the journal ... | org.apache.activemq.store.kahadb.MessageDatabase | main
2016-08-16 02:53:57,058 | INFO  | Recovery replayed 279 operations from the journal in 0.373 seconds. | org.apache.activemq.store.kahadb.MessageDatabase | main
2016-08-16 02:53:58,095 | INFO  | Apache ActiveMQ 5.9.0 (localhost, ID:Lenovo-G40-70-41229-1471334037521-0:1) is starting | org.apache.activemq.broker.BrokerService | main
2016-08-16 02:53:58,197 | INFO  | Listening for connections at: tcp://Lenovo-G40-70:61616?maximumConnections=1000&wireFormat.maxFrameSize=104857600 | org.apache.activemq.transport.TransportServerThreadSupport | main
2016-08-16 02:53:58,198 | INFO  | Connector openwire started | org.apache.activemq.broker.TransportConnector | main
2016-08-16 02:53:58,270 | INFO  | Listening for connections at: amqp://Lenovo-G40-70:5672?maximumConnections=1000&wireFormat.maxFrameSize=104857600 | org.apache.activemq.transport.TransportServerThreadSupport | main
2016-08-16 02:53:58,271 | INFO  | Connector amqp started | org.apache.activemq.broker.TransportConnector | main
2016-08-16 02:53:58,275 | INFO  | Listening for connections at: stomp://Lenovo-G40-70:61613?maximumConnections=1000&wireFormat.maxFrameSize=104857600 | org.apache.activemq.transport.TransportServerThreadSupport | main
2016-08-16 02:53:58,276 | INFO  | Connector stomp started | org.apache.activemq.broker.TransportConnector | main
2016-08-16 02:53:58,291 | INFO  | Listening for connections at: mqtt://Lenovo-G40-70:1883?maximumConnections=1000&wireFormat.maxFrameSize=104857600 | org.apache.activemq.transport.TransportServerThreadSupport | main
2016-08-16 02:53:58,292 | INFO  | Connector mqtt started | org.apache.activemq.broker.TransportConnector | main
2016-08-16 02:53:59,382 | INFO  | Listening for connections at ws://Lenovo-G40-70:61614?maximumConnections=1000&wireFormat.maxFrameSize=104857600 | org.apache.activemq.transport.ws.WSTransportServer | main
2016-08-16 02:53:59,382 | INFO  | Connector ws started | org.apache.activemq.broker.TransportConnector | main
2016-08-16 02:53:59,395 | INFO  | Apache ActiveMQ 5.9.0 (localhost, ID:Lenovo-G40-70-41229-1471334037521-0:1) started | org.apache.activemq.broker.BrokerService | main
2016-08-16 02:53:59,396 | INFO  | For help or more information please see: http://activemq.apache.org | org.apache.activemq.broker.BrokerService | main
2016-08-16 02:53:59,397 | WARN  | Store limit is 102400 mb, whilst the data directory: /opt/lampp/htdocs/sistemas_distribuidos/apache-activemq-5.9.0/data/kahadb only has 11740 mb of usable space - resetting to maximum available disk space: 11740 mb | org.apache.activemq.broker.BrokerService | main
2016-08-16 02:53:59,398 | ERROR | Temporary Store limit is 51200 mb, whilst the temporary data directory: /opt/lampp/htdocs/sistemas_distribuidos/apache-activemq-5.9.0/data/localhost/tmp_storage only has 11740 mb of usable space - resetting to maximum available 11740 mb. | org.apache.activemq.broker.BrokerService | main
2016-08-16 02:54:00,829 | INFO  | Welcome to hawtio 1.2-M23 : http://hawt.io/ : Don't cha wish your console was hawt like me? ;-) | io.hawt.jmx.JmxTreeWatcher | main
2016-08-16 02:54:00,895 | INFO  | Starting hawtio authentication filter, JAAS realm: "activemq" authorized role: "admins" role principal classes: "org.apache.activemq.jaas.GroupPrincipal" | io.hawt.web.AuthenticationFilter | main
2016-08-16 02:54:01,112 | INFO  | Using file upload directory: /opt/lampp/htdocs/sistemas_distribuidos/apache-activemq-5.9.0/tmp/uploads | io.hawt.web.UploadServlet | main
2016-08-16 02:54:01,122 | INFO  | jolokia-agent: Using access restrictor classpath:/jolokia-access.xml | /hawtio | main
2016-08-16 02:54:01,796 | INFO  | ActiveMQ WebConsole available at http://localhost:8161/ | org.apache.activemq.web.WebConsoleStarter | main
2016-08-16 02:54:02,015 | INFO  | Initializing Spring FrameworkServlet 'dispatcher' | /admin | main
2016-08-16 02:54:05,863 | INFO  | Database /opt/lampp/htdocs/sistemas_distribuidos/apache-activemq-5.9.0/data/kahadb/lock is locked... waiting 10 seconds for the database to be unlocked. Reason: java.io.IOException: File '/opt/lampp/htdocs/sistemas_distribuidos/apache-activemq-5.9.0/data/kahadb/lock' could not be locked. | org.apache.activemq.store.SharedFileLocker | main
2016-08-16 02:54:10,676 | INFO  | Apache ActiveMQ 5.9.0 (localhost, ID:Lenovo-G40-70-41229-1471334037521-0:1) is shutting down | org.apache.activemq.broker.BrokerService | ActiveMQ ShutdownHook
2016-08-16 02:54:12,213 | INFO  | Connector openwire stopped | org.apache.activemq.broker.TransportConnector | ActiveMQ ShutdownHook
2016-08-16 02:54:14,287 | INFO  | Connector amqp stopped | org.apache.activemq.broker.TransportConnector | ActiveMQ ShutdownHook
2016-08-16 02:54:14,293 | INFO  | Connector stomp stopped | org.apache.activemq.broker.TransportConnector | ActiveMQ ShutdownHook
2016-08-16 02:54:14,307 | INFO  | Connector mqtt stopped | org.apache.activemq.broker.TransportConnector | ActiveMQ ShutdownHook
2016-08-16 02:54:14,372 | INFO  | Connector ws stopped | org.apache.activemq.broker.TransportConnector | ActiveMQ ShutdownHook
2016-08-16 02:54:14,375 | INFO  | PListStore:[/opt/lampp/htdocs/sistemas_distribuidos/apache-activemq-5.9.0/data/localhost/tmp_storage] stopped | org.apache.activemq.store.kahadb.plist.PListStoreImpl | ActiveMQ ShutdownHook
2016-08-16 02:54:14,376 | INFO  | Stopping async queue tasks | org.apache.activemq.store.kahadb.KahaDBStore | ActiveMQ ShutdownHook
2016-08-16 02:54:14,376 | INFO  | Stopping async topic tasks | org.apache.activemq.store.kahadb.KahaDBStore | ActiveMQ ShutdownHook
2016-08-16 02:54:14,377 | INFO  | Stopped KahaDB | org.apache.activemq.store.kahadb.KahaDBStore | ActiveMQ ShutdownHook
2016-08-16 02:54:18,283 | INFO  | Apache ActiveMQ 5.9.0 (localhost, ID:Lenovo-G40-70-41229-1471334037521-0:1) uptime 7 minutes | org.apache.activemq.broker.BrokerService | ActiveMQ ShutdownHook
2016-08-16 02:54:18,283 | INFO  | Apache ActiveMQ 5.9.0 (localhost, ID:Lenovo-G40-70-41229-1471334037521-0:1) is shutdown | org.apache.activemq.broker.BrokerService | ActiveMQ ShutdownHook
2016-08-16 02:54:18,284 | INFO  | Closing org.apache.activemq.xbean.XBeanBrokerFactory$1@55adb150: startup date [Tue Aug 16 02:47:02 ECT 2016]; root of context hierarchy | org.apache.activemq.xbean.XBeanBrokerFactory$1 | ActiveMQ ShutdownHook
2016-08-16 02:54:18,301 | INFO  | Destroying Spring FrameworkServlet 'dispatcher' | /admin | ActiveMQ ShutdownHook
2016-08-16 02:54:18,305 | INFO  | Destroying hawtio authentication filter | io.hawt.web.AuthenticationFilter | ActiveMQ ShutdownHook
2016-08-16 02:58:23,449 | INFO  | Refreshing org.apache.activemq.xbean.XBeanBrokerFactory$1@55adb150: startup date [Tue Aug 16 02:58:23 ECT 2016]; root of context hierarchy | org.apache.activemq.xbean.XBeanBrokerFactory$1 | main
2016-08-16 02:58:25,238 | INFO  | PListStore:[/opt/lampp/htdocs/sistemas_distribuidos/apache-activemq-5.9.0/data/localhost/tmp_storage] started | org.apache.activemq.store.kahadb.plist.PListStoreImpl | main
2016-08-16 02:58:25,291 | INFO  | Using Persistence Adapter: KahaDBPersistenceAdapter[/opt/lampp/htdocs/sistemas_distribuidos/apache-activemq-5.9.0/data/kahadb] | org.apache.activemq.broker.BrokerService | main
2016-08-16 02:58:25,660 | INFO  | KahaDB is version 5 | org.apache.activemq.store.kahadb.MessageDatabase | main
2016-08-16 02:58:25,677 | INFO  | Recovering from the journal ... | org.apache.activemq.store.kahadb.MessageDatabase | main
2016-08-16 02:58:25,693 | INFO  | Recovery replayed 284 operations from the journal in 0.028 seconds. | org.apache.activemq.store.kahadb.MessageDatabase | main
2016-08-16 02:58:25,872 | INFO  | Apache ActiveMQ 5.9.0 (localhost, ID:Lenovo-G40-70-44654-1471334305712-0:1) is starting | org.apache.activemq.broker.BrokerService | main
2016-08-16 02:58:25,907 | INFO  | Listening for connections at: tcp://Lenovo-G40-70:61616?maximumConnections=1000&wireFormat.maxFrameSize=104857600 | org.apache.activemq.transport.TransportServerThreadSupport | main
2016-08-16 02:58:25,909 | INFO  | Connector openwire started | org.apache.activemq.broker.TransportConnector | main
2016-08-16 02:58:25,914 | INFO  | Listening for connections at: amqp://Lenovo-G40-70:5672?maximumConnections=1000&wireFormat.maxFrameSize=104857600 | org.apache.activemq.transport.TransportServerThreadSupport | main
2016-08-16 02:58:25,915 | INFO  | Connector amqp started | org.apache.activemq.broker.TransportConnector | main
2016-08-16 02:58:25,923 | INFO  | Listening for connections at: stomp://Lenovo-G40-70:61613?maximumConnections=1000&wireFormat.maxFrameSize=104857600 | org.apache.activemq.transport.TransportServerThreadSupport | main
2016-08-16 02:58:25,924 | INFO  | Connector stomp started | org.apache.activemq.broker.TransportConnector | main
2016-08-16 02:58:25,929 | INFO  | Listening for connections at: mqtt://Lenovo-G40-70:1883?maximumConnections=1000&wireFormat.maxFrameSize=104857600 | org.apache.activemq.transport.TransportServerThreadSupport | main
2016-08-16 02:58:25,930 | INFO  | Connector mqtt started | org.apache.activemq.broker.TransportConnector | main
2016-08-16 02:58:26,159 | INFO  | Listening for connections at ws://Lenovo-G40-70:61614?maximumConnections=1000&wireFormat.maxFrameSize=104857600 | org.apache.activemq.transport.ws.WSTransportServer | main
2016-08-16 02:58:26,159 | INFO  | Connector ws started | org.apache.activemq.broker.TransportConnector | main
2016-08-16 02:58:26,162 | INFO  | Apache ActiveMQ 5.9.0 (localhost, ID:Lenovo-G40-70-44654-1471334305712-0:1) started | org.apache.activemq.broker.BrokerService | main
2016-08-16 02:58:26,163 | INFO  | For help or more information please see: http://activemq.apache.org | org.apache.activemq.broker.BrokerService | main
2016-08-16 02:58:26,164 | WARN  | Store limit is 102400 mb, whilst the data directory: /opt/lampp/htdocs/sistemas_distribuidos/apache-activemq-5.9.0/data/kahadb only has 11740 mb of usable space - resetting to maximum available disk space: 11740 mb | org.apache.activemq.broker.BrokerService | main
2016-08-16 02:58:26,165 | ERROR | Temporary Store limit is 51200 mb, whilst the temporary data directory: /opt/lampp/htdocs/sistemas_distribuidos/apache-activemq-5.9.0/data/localhost/tmp_storage only has 11740 mb of usable space - resetting to maximum available 11740 mb. | org.apache.activemq.broker.BrokerService | main
2016-08-16 02:58:26,691 | INFO  | Welcome to hawtio 1.2-M23 : http://hawt.io/ : Don't cha wish your console was hawt like me? ;-) | io.hawt.jmx.JmxTreeWatcher | main
2016-08-16 02:58:26,715 | INFO  | Starting hawtio authentication filter, JAAS realm: "activemq" authorized role: "admins" role principal classes: "org.apache.activemq.jaas.GroupPrincipal" | io.hawt.web.AuthenticationFilter | main
2016-08-16 02:58:26,757 | INFO  | Using file upload directory: /opt/lampp/htdocs/sistemas_distribuidos/apache-activemq-5.9.0/tmp/uploads | io.hawt.web.UploadServlet | main
2016-08-16 02:58:26,770 | INFO  | jolokia-agent: Using access restrictor classpath:/jolokia-access.xml | /hawtio | main
2016-08-16 02:58:27,072 | INFO  | ActiveMQ WebConsole available at http://localhost:8161/ | org.apache.activemq.web.WebConsoleStarter | main
2016-08-16 02:58:27,131 | INFO  | Initializing Spring FrameworkServlet 'dispatcher' | /admin | main
2016-08-16 02:59:38,010 | INFO  | Refreshing org.apache.activemq.xbean.XBeanBrokerFactory$1@3949c12b: startup date [Tue Aug 16 02:59:38 ECT 2016]; root of context hierarchy | org.apache.activemq.xbean.XBeanBrokerFactory$1 | main
2016-08-16 02:59:39,209 | INFO  | PListStore:[/opt/lampp/htdocs/sistemas_distribuidos/apache-activemq-5.9.0/data/localhost/tmp_storage] started | org.apache.activemq.store.kahadb.plist.PListStoreImpl | main
2016-08-16 02:59:39,244 | INFO  | Using Persistence Adapter: KahaDBPersistenceAdapter[/opt/lampp/htdocs/sistemas_distribuidos/apache-activemq-5.9.0/data/kahadb] | org.apache.activemq.broker.BrokerService | main
2016-08-16 02:59:39,556 | INFO  | KahaDB is version 5 | org.apache.activemq.store.kahadb.MessageDatabase | main
2016-08-16 02:59:39,575 | INFO  | Recovering from the journal ... | org.apache.activemq.store.kahadb.MessageDatabase | main
2016-08-16 02:59:39,591 | INFO  | Recovery replayed 297 operations from the journal in 0.03 seconds. | org.apache.activemq.store.kahadb.MessageDatabase | main
2016-08-16 02:59:39,741 | INFO  | Apache ActiveMQ 5.9.0 (localhost, ID:Lenovo-G40-70-41322-1471334379614-0:1) is starting | org.apache.activemq.broker.BrokerService | main
2016-08-16 02:59:39,761 | INFO  | Listening for connections at: tcp://Lenovo-G40-70:61616?maximumConnections=1000&wireFormat.maxFrameSize=104857600 | org.apache.activemq.transport.TransportServerThreadSupport | main
2016-08-16 02:59:39,763 | INFO  | Connector openwire started | org.apache.activemq.broker.TransportConnector | main
2016-08-16 02:59:39,768 | INFO  | Listening for connections at: amqp://Lenovo-G40-70:5672?maximumConnections=1000&wireFormat.maxFrameSize=104857600 | org.apache.activemq.transport.TransportServerThreadSupport | main
2016-08-16 02:59:39,771 | INFO  | Connector amqp started | org.apache.activemq.broker.TransportConnector | main
2016-08-16 02:59:39,777 | INFO  | Listening for connections at: stomp://Lenovo-G40-70:61613?maximumConnections=1000&wireFormat.maxFrameSize=104857600 | org.apache.activemq.transport.TransportServerThreadSupport | main
2016-08-16 02:59:39,778 | INFO  | Connector stomp started | org.apache.activemq.broker.TransportConnector | main
2016-08-16 02:59:39,782 | INFO  | Listening for connections at: mqtt://Lenovo-G40-70:1883?maximumConnections=1000&wireFormat.maxFrameSize=104857600 | org.apache.activemq.transport.TransportServerThreadSupport | main
2016-08-16 02:59:39,783 | INFO  | Connector mqtt started | org.apache.activemq.broker.TransportConnector | main
2016-08-16 02:59:39,916 | INFO  | Listening for connections at ws://Lenovo-G40-70:61614?maximumConnections=1000&wireFormat.maxFrameSize=104857600 | org.apache.activemq.transport.ws.WSTransportServer | main
2016-08-16 02:59:39,916 | INFO  | Connector ws started | org.apache.activemq.broker.TransportConnector | main
2016-08-16 02:59:39,918 | INFO  | Apache ActiveMQ 5.9.0 (localhost, ID:Lenovo-G40-70-41322-1471334379614-0:1) started | org.apache.activemq.broker.BrokerService | main
2016-08-16 02:59:39,919 | INFO  | For help or more information please see: http://activemq.apache.org | org.apache.activemq.broker.BrokerService | main
2016-08-16 02:59:39,920 | WARN  | Store limit is 102400 mb, whilst the data directory: /opt/lampp/htdocs/sistemas_distribuidos/apache-activemq-5.9.0/data/kahadb only has 11740 mb of usable space - resetting to maximum available disk space: 11740 mb | org.apache.activemq.broker.BrokerService | main
2016-08-16 02:59:39,921 | ERROR | Temporary Store limit is 51200 mb, whilst the temporary data directory: /opt/lampp/htdocs/sistemas_distribuidos/apache-activemq-5.9.0/data/localhost/tmp_storage only has 11740 mb of usable space - resetting to maximum available 11740 mb. | org.apache.activemq.broker.BrokerService | main
2016-08-16 02:59:40,341 | INFO  | Welcome to hawtio 1.2-M23 : http://hawt.io/ : Don't cha wish your console was hawt like me? ;-) | io.hawt.jmx.JmxTreeWatcher | main
2016-08-16 02:59:40,346 | INFO  | Starting hawtio authentication filter, JAAS realm: "activemq" authorized role: "admins" role principal classes: "org.apache.activemq.jaas.GroupPrincipal" | io.hawt.web.AuthenticationFilter | main
2016-08-16 02:59:40,389 | INFO  | Using file upload directory: /opt/lampp/htdocs/sistemas_distribuidos/apache-activemq-5.9.0/tmp/uploads | io.hawt.web.UploadServlet | main
2016-08-16 02:59:40,405 | INFO  | jolokia-agent: Using access restrictor classpath:/jolokia-access.xml | /hawtio | main
2016-08-16 02:59:40,614 | INFO  | ActiveMQ WebConsole available at http://localhost:8161/ | org.apache.activemq.web.WebConsoleStarter | main
2016-08-16 02:59:40,640 | INFO  | Initializing Spring FrameworkServlet 'dispatcher' | /admin | main
2016-08-16 09:55:21,167 | INFO  | Apache ActiveMQ 5.9.0 (localhost, ID:Lenovo-G40-70-41322-1471334379614-0:1) is shutting down | org.apache.activemq.broker.BrokerService | ActiveMQ ShutdownHook
2016-08-16 09:55:25,127 | INFO  | Connector openwire stopped | org.apache.activemq.broker.TransportConnector | ActiveMQ ShutdownHook
2016-08-16 09:55:27,129 | INFO  | Connector amqp stopped | org.apache.activemq.broker.TransportConnector | ActiveMQ ShutdownHook
2016-08-16 09:55:29,127 | INFO  | Connector stomp stopped | org.apache.activemq.broker.TransportConnector | ActiveMQ ShutdownHook
2016-08-16 09:55:29,279 | INFO  | Connector mqtt stopped | org.apache.activemq.broker.TransportConnector | ActiveMQ ShutdownHook
2016-08-16 09:55:29,802 | WARN  | 3 threads could not be stopped | org.eclipse.jetty.util.thread.QueuedThreadPool | ActiveMQ ShutdownHook
2016-08-16 09:55:29,889 | INFO  | Connector ws stopped | org.apache.activemq.broker.TransportConnector | ActiveMQ ShutdownHook
2016-08-16 09:55:29,908 | INFO  | PListStore:[/opt/lampp/htdocs/sistemas_distribuidos/apache-activemq-5.9.0/data/localhost/tmp_storage] stopped | org.apache.activemq.store.kahadb.plist.PListStoreImpl | ActiveMQ ShutdownHook
2016-08-16 09:55:29,919 | INFO  | Stopping async queue tasks | org.apache.activemq.store.kahadb.KahaDBStore | ActiveMQ ShutdownHook
2016-08-16 09:55:29,932 | INFO  | Stopping async topic tasks | org.apache.activemq.store.kahadb.KahaDBStore | ActiveMQ ShutdownHook
2016-08-16 09:55:29,953 | INFO  | Stopped KahaDB | org.apache.activemq.store.kahadb.KahaDBStore | ActiveMQ ShutdownHook
2016-08-16 09:55:30,865 | INFO  | Apache ActiveMQ 5.9.0 (localhost, ID:Lenovo-G40-70-41322-1471334379614-0:1) uptime 6 hours 55 minutes | org.apache.activemq.broker.BrokerService | ActiveMQ ShutdownHook
2016-08-16 09:55:30,866 | INFO  | Apache ActiveMQ 5.9.0 (localhost, ID:Lenovo-G40-70-41322-1471334379614-0:1) is shutdown | org.apache.activemq.broker.BrokerService | ActiveMQ ShutdownHook
2016-08-16 09:55:30,879 | INFO  | Closing org.apache.activemq.xbean.XBeanBrokerFactory$1@3949c12b: startup date [Tue Aug 16 02:59:38 ECT 2016]; root of context hierarchy | org.apache.activemq.xbean.XBeanBrokerFactory$1 | ActiveMQ ShutdownHook
2016-08-16 09:55:31,017 | INFO  | Destroying Spring FrameworkServlet 'dispatcher' | /admin | ActiveMQ ShutdownHook
2016-08-16 09:55:31,104 | INFO  | Destroying hawtio authentication filter | io.hawt.web.AuthenticationFilter | ActiveMQ ShutdownHook
2016-08-16 09:55:31,372 | WARN  | 7 threads could not be stopped | org.eclipse.jetty.util.thread.QueuedThreadPool | ActiveMQ ShutdownHook
2016-08-25 22:11:35,996 | INFO  | Refreshing org.apache.activemq.xbean.XBeanBrokerFactory$1@55adb150: startup date [Thu Aug 25 22:11:35 ECT 2016]; root of context hierarchy | org.apache.activemq.xbean.XBeanBrokerFactory$1 | main
2016-08-25 22:11:38,125 | INFO  | PListStore:[/opt/lampp/htdocs/sistemas_distribuidos/apache-activemq-5.9.0/data/localhost/tmp_storage] started | org.apache.activemq.store.kahadb.plist.PListStoreImpl | main
2016-08-25 22:11:38,169 | INFO  | Using Persistence Adapter: KahaDBPersistenceAdapter[/opt/lampp/htdocs/sistemas_distribuidos/apache-activemq-5.9.0/data/kahadb] | org.apache.activemq.broker.BrokerService | main
2016-08-25 22:11:38,618 | INFO  | KahaDB is version 5 | org.apache.activemq.store.kahadb.MessageDatabase | main
2016-08-25 22:11:38,642 | INFO  | Recovering from the journal ... | org.apache.activemq.store.kahadb.MessageDatabase | main
2016-08-25 22:11:38,689 | INFO  | Recovery replayed 1651 operations from the journal in 0.066 seconds. | org.apache.activemq.store.kahadb.MessageDatabase | main
2016-08-25 22:11:38,879 | INFO  | Apache ActiveMQ 5.9.0 (localhost, ID:Lenovo-G40-70-41229-1472181098706-0:1) is starting | org.apache.activemq.broker.BrokerService | main
2016-08-25 22:11:38,909 | INFO  | Listening for connections at: tcp://Lenovo-G40-70:61616?maximumConnections=1000&wireFormat.maxFrameSize=104857600 | org.apache.activemq.transport.TransportServerThreadSupport | main
2016-08-25 22:11:38,911 | INFO  | Connector openwire started | org.apache.activemq.broker.TransportConnector | main
2016-08-25 22:11:38,921 | INFO  | Listening for connections at: amqp://Lenovo-G40-70:5672?maximumConnections=1000&wireFormat.maxFrameSize=104857600 | org.apache.activemq.transport.TransportServerThreadSupport | main
2016-08-25 22:11:38,923 | INFO  | Connector amqp started | org.apache.activemq.broker.TransportConnector | main
2016-08-25 22:11:38,927 | INFO  | Listening for connections at: stomp://Lenovo-G40-70:61613?maximumConnections=1000&wireFormat.maxFrameSize=104857600 | org.apache.activemq.transport.TransportServerThreadSupport | main
2016-08-25 22:11:38,928 | INFO  | Connector stomp started | org.apache.activemq.broker.TransportConnector | main
2016-08-25 22:11:38,933 | INFO  | Listening for connections at: mqtt://Lenovo-G40-70:1883?maximumConnections=1000&wireFormat.maxFrameSize=104857600 | org.apache.activemq.transport.TransportServerThreadSupport | main
2016-08-25 22:11:38,934 | INFO  | Connector mqtt started | org.apache.activemq.broker.TransportConnector | main
2016-08-25 22:11:39,249 | INFO  | Listening for connections at ws://Lenovo-G40-70:61614?maximumConnections=1000&wireFormat.maxFrameSize=104857600 | org.apache.activemq.transport.ws.WSTransportServer | main
2016-08-25 22:11:39,250 | INFO  | Connector ws started | org.apache.activemq.broker.TransportConnector | main
2016-08-25 22:11:39,252 | INFO  | Apache ActiveMQ 5.9.0 (localhost, ID:Lenovo-G40-70-41229-1472181098706-0:1) started | org.apache.activemq.broker.BrokerService | main
2016-08-25 22:11:39,253 | INFO  | For help or more information please see: http://activemq.apache.org | org.apache.activemq.broker.BrokerService | main
2016-08-25 22:11:39,253 | WARN  | Store limit is 102400 mb, whilst the data directory: /opt/lampp/htdocs/sistemas_distribuidos/apache-activemq-5.9.0/data/kahadb only has 11315 mb of usable space - resetting to maximum available disk space: 11315 mb | org.apache.activemq.broker.BrokerService | main
2016-08-25 22:11:39,254 | ERROR | Temporary Store limit is 51200 mb, whilst the temporary data directory: /opt/lampp/htdocs/sistemas_distribuidos/apache-activemq-5.9.0/data/localhost/tmp_storage only has 11315 mb of usable space - resetting to maximum available 11315 mb. | org.apache.activemq.broker.BrokerService | main
2016-08-25 22:11:39,813 | INFO  | Welcome to hawtio 1.2-M23 : http://hawt.io/ : Don't cha wish your console was hawt like me? ;-) | io.hawt.jmx.JmxTreeWatcher | main
2016-08-25 22:11:39,839 | INFO  | Starting hawtio authentication filter, JAAS realm: "activemq" authorized role: "admins" role principal classes: "org.apache.activemq.jaas.GroupPrincipal" | io.hawt.web.AuthenticationFilter | main
2016-08-25 22:11:39,887 | INFO  | Using file upload directory: /opt/lampp/htdocs/sistemas_distribuidos/apache-activemq-5.9.0/tmp/uploads | io.hawt.web.UploadServlet | main
2016-08-25 22:11:39,897 | INFO  | jolokia-agent: Using access restrictor classpath:/jolokia-access.xml | /hawtio | main
2016-08-25 22:11:40,229 | INFO  | ActiveMQ WebConsole available at http://localhost:8161/ | org.apache.activemq.web.WebConsoleStarter | main
2016-08-25 22:11:40,301 | INFO  | Initializing Spring FrameworkServlet 'dispatcher' | /admin | main
2016-08-25 23:15:45,032 | WARN  | Transport Connection to: tcp://127.0.0.1:43992 failed: java.io.IOException: Frame size of 1140 MB larger than max allowed 100 MB | org.apache.activemq.broker.TransportConnection.Transport | ActiveMQ Transport: tcp:///127.0.0.1:43992@61616
2016-08-25 23:20:05,208 | INFO  | Connector vm://localhost started | org.apache.activemq.broker.TransportConnector | qtp287943258-40
2016-08-26 00:08:14,576 | INFO  | Refreshing org.apache.activemq.xbean.XBeanBrokerFactory$1@7e542721: startup date [Fri Aug 26 00:08:14 ECT 2016]; root of context hierarchy | org.apache.activemq.xbean.XBeanBrokerFactory$1 | main
2016-08-26 00:08:16,769 | INFO  | PListStore:[/opt/lampp/htdocs/sistemas_distribuidos/apache-activemq-5.9.0/data/localhost/tmp_storage] started | org.apache.activemq.store.kahadb.plist.PListStoreImpl | main
2016-08-26 00:08:16,815 | INFO  | Using Persistence Adapter: KahaDBPersistenceAdapter[/opt/lampp/htdocs/sistemas_distribuidos/apache-activemq-5.9.0/data/kahadb] | org.apache.activemq.broker.BrokerService | main
2016-08-26 00:08:17,215 | INFO  | KahaDB is version 5 | org.apache.activemq.store.kahadb.MessageDatabase | main
2016-08-26 00:08:17,268 | INFO  | Recovering from the journal ... | org.apache.activemq.store.kahadb.MessageDatabase | main
2016-08-26 00:08:17,279 | INFO  | Recovery replayed 280 operations from the journal in 0.049 seconds. | org.apache.activemq.store.kahadb.MessageDatabase | main
2016-08-26 00:08:17,476 | INFO  | Apache ActiveMQ 5.9.0 (localhost, ID:Lenovo-G40-70-41881-1472188097304-0:1) is starting | org.apache.activemq.broker.BrokerService | main
2016-08-26 00:08:17,551 | INFO  | Listening for connections at: tcp://Lenovo-G40-70:61616?maximumConnections=1000&wireFormat.maxFrameSize=104857600 | org.apache.activemq.transport.TransportServerThreadSupport | main
2016-08-26 00:08:17,554 | INFO  | Connector openwire started | org.apache.activemq.broker.TransportConnector | main
2016-08-26 00:08:17,562 | INFO  | Listening for connections at: amqp://Lenovo-G40-70:5672?maximumConnections=1000&wireFormat.maxFrameSize=104857600 | org.apache.activemq.transport.TransportServerThreadSupport | main
2016-08-26 00:08:17,568 | INFO  | Connector amqp started | org.apache.activemq.broker.TransportConnector | main
2016-08-26 00:08:17,573 | INFO  | Listening for connections at: stomp://Lenovo-G40-70:61613?maximumConnections=1000&wireFormat.maxFrameSize=104857600 | org.apache.activemq.transport.TransportServerThreadSupport | main
2016-08-26 00:08:17,574 | INFO  | Connector stomp started | org.apache.activemq.broker.TransportConnector | main
2016-08-26 00:08:17,578 | INFO  | Listening for connections at: mqtt://Lenovo-G40-70:1883?maximumConnections=1000&wireFormat.maxFrameSize=104857600 | org.apache.activemq.transport.TransportServerThreadSupport | main
2016-08-26 00:08:17,580 | INFO  | Connector mqtt started | org.apache.activemq.broker.TransportConnector | main
2016-08-26 00:08:17,847 | INFO  | Listening for connections at ws://Lenovo-G40-70:61614?maximumConnections=1000&wireFormat.maxFrameSize=104857600 | org.apache.activemq.transport.ws.WSTransportServer | main
2016-08-26 00:08:17,847 | INFO  | Connector ws started | org.apache.activemq.broker.TransportConnector | main
2016-08-26 00:08:17,850 | INFO  | Apache ActiveMQ 5.9.0 (localhost, ID:Lenovo-G40-70-41881-1472188097304-0:1) started | org.apache.activemq.broker.BrokerService | main
2016-08-26 00:08:17,850 | INFO  | For help or more information please see: http://activemq.apache.org | org.apache.activemq.broker.BrokerService | main
2016-08-26 00:08:17,851 | WARN  | Store limit is 102400 mb, whilst the data directory: /opt/lampp/htdocs/sistemas_distribuidos/apache-activemq-5.9.0/data/kahadb only has 11314 mb of usable space - resetting to maximum available disk space: 11314 mb | org.apache.activemq.broker.BrokerService | main
2016-08-26 00:08:17,852 | ERROR | Temporary Store limit is 51200 mb, whilst the temporary data directory: /opt/lampp/htdocs/sistemas_distribuidos/apache-activemq-5.9.0/data/localhost/tmp_storage only has 11314 mb of usable space - resetting to maximum available 11314 mb. | org.apache.activemq.broker.BrokerService | main
2016-08-26 00:08:18,366 | INFO  | Welcome to hawtio 1.2-M23 : http://hawt.io/ : Don't cha wish your console was hawt like me? ;-) | io.hawt.jmx.JmxTreeWatcher | main
2016-08-26 00:08:18,391 | INFO  | Starting hawtio authentication filter, JAAS realm: "activemq" authorized role: "admins" role principal classes: "org.apache.activemq.jaas.GroupPrincipal" | io.hawt.web.AuthenticationFilter | main
2016-08-26 00:08:18,430 | INFO  | Using file upload directory: /opt/lampp/htdocs/sistemas_distribuidos/apache-activemq-5.9.0/tmp/uploads | io.hawt.web.UploadServlet | main
2016-08-26 00:08:18,442 | INFO  | jolokia-agent: Using access restrictor classpath:/jolokia-access.xml | /hawtio | main
2016-08-26 00:08:18,927 | INFO  | ActiveMQ WebConsole available at http://localhost:8161/ | org.apache.activemq.web.WebConsoleStarter | main
2016-08-26 00:08:18,998 | INFO  | Initializing Spring FrameworkServlet 'dispatcher' | /admin | main
2016-08-26 00:14:23,266 | INFO  | Connector vm://localhost started | org.apache.activemq.broker.TransportConnector | qtp557266757-42
2016-08-26 08:27:27,638 | INFO  | Apache ActiveMQ 5.9.0 (localhost, ID:Lenovo-G40-70-41881-1472188097304-0:1) is shutting down | org.apache.activemq.broker.BrokerService | ActiveMQ ShutdownHook
2016-08-26 08:27:30,218 | INFO  | Connector openwire stopped | org.apache.activemq.broker.TransportConnector | ActiveMQ ShutdownHook
2016-08-26 08:27:32,164 | INFO  | Connector amqp stopped | org.apache.activemq.broker.TransportConnector | ActiveMQ ShutdownHook
2016-08-26 08:27:34,163 | INFO  | Connector stomp stopped | org.apache.activemq.broker.TransportConnector | ActiveMQ ShutdownHook
2016-08-26 08:27:36,165 | INFO  | Connector mqtt stopped | org.apache.activemq.broker.TransportConnector | ActiveMQ ShutdownHook
2016-08-26 08:27:36,791 | WARN  | 4 threads could not be stopped | org.eclipse.jetty.util.thread.QueuedThreadPool | ActiveMQ ShutdownHook
2016-08-26 08:27:36,794 | INFO  | Connector ws stopped | org.apache.activemq.broker.TransportConnector | ActiveMQ ShutdownHook
2016-08-26 08:27:37,015 | INFO  | Connector vm://localhost stopped | org.apache.activemq.broker.TransportConnector | ActiveMQ ShutdownHook
2016-08-26 08:27:37,137 | INFO  | PListStore:[/opt/lampp/htdocs/sistemas_distribuidos/apache-activemq-5.9.0/data/localhost/tmp_storage] stopped | org.apache.activemq.store.kahadb.plist.PListStoreImpl | ActiveMQ ShutdownHook
2016-08-26 08:27:37,168 | INFO  | Stopping async queue tasks | org.apache.activemq.store.kahadb.KahaDBStore | ActiveMQ ShutdownHook
2016-08-26 08:27:37,168 | INFO  | Stopping async topic tasks | org.apache.activemq.store.kahadb.KahaDBStore | ActiveMQ ShutdownHook
2016-08-26 08:27:37,169 | INFO  | Stopped KahaDB | org.apache.activemq.store.kahadb.KahaDBStore | ActiveMQ ShutdownHook
2016-08-26 08:27:38,419 | INFO  | Apache ActiveMQ 5.9.0 (localhost, ID:Lenovo-G40-70-41881-1472188097304-0:1) uptime 8 hours 19 minutes | org.apache.activemq.broker.BrokerService | ActiveMQ ShutdownHook
2016-08-26 08:27:38,420 | INFO  | Apache ActiveMQ 5.9.0 (localhost, ID:Lenovo-G40-70-41881-1472188097304-0:1) is shutdown | org.apache.activemq.broker.BrokerService | ActiveMQ ShutdownHook
2016-08-26 08:27:38,420 | INFO  | Closing org.apache.activemq.xbean.XBeanBrokerFactory$1@7e542721: startup date [Fri Aug 26 00:08:14 ECT 2016]; root of context hierarchy | org.apache.activemq.xbean.XBeanBrokerFactory$1 | ActiveMQ ShutdownHook
2016-08-26 08:27:38,539 | INFO  | Destroying Spring FrameworkServlet 'dispatcher' | /admin | ActiveMQ ShutdownHook
2016-08-26 08:27:38,681 | INFO  | Destroying hawtio authentication filter | io.hawt.web.AuthenticationFilter | ActiveMQ ShutdownHook
2016-08-26 09:41:53,789 | INFO  | Refreshing org.apache.activemq.xbean.XBeanBrokerFactory$1@7e542721: startup date [Fri Aug 26 09:41:53 ECT 2016]; root of context hierarchy | org.apache.activemq.xbean.XBeanBrokerFactory$1 | main
2016-08-26 09:41:58,050 | INFO  | PListStore:[/opt/lampp/htdocs/sistemas_distribuidos/apache-activemq-5.9.0/data/localhost/tmp_storage] started | org.apache.activemq.store.kahadb.plist.PListStoreImpl | main
2016-08-26 09:41:58,101 | INFO  | Using Persistence Adapter: KahaDBPersistenceAdapter[/opt/lampp/htdocs/sistemas_distribuidos/apache-activemq-5.9.0/data/kahadb] | org.apache.activemq.broker.BrokerService | main
2016-08-26 09:41:58,586 | INFO  | KahaDB is version 5 | org.apache.activemq.store.kahadb.MessageDatabase | main
2016-08-26 09:41:58,661 | INFO  | Recovering from the journal ... | org.apache.activemq.store.kahadb.MessageDatabase | main
2016-08-26 09:41:58,694 | INFO  | Recovery replayed 912 operations from the journal in 0.101 seconds. | org.apache.activemq.store.kahadb.MessageDatabase | main
2016-08-26 09:41:58,914 | INFO  | Apache ActiveMQ 5.9.0 (localhost, ID:Lenovo-G40-70-37587-1472222518725-0:1) is starting | org.apache.activemq.broker.BrokerService | main
2016-08-26 09:41:59,007 | INFO  | Listening for connections at: tcp://Lenovo-G40-70:61616?maximumConnections=1000&wireFormat.maxFrameSize=104857600 | org.apache.activemq.transport.TransportServerThreadSupport | main
2016-08-26 09:41:59,010 | INFO  | Connector openwire started | org.apache.activemq.broker.TransportConnector | main
2016-08-26 09:41:59,016 | INFO  | Listening for connections at: amqp://Lenovo-G40-70:5672?maximumConnections=1000&wireFormat.maxFrameSize=104857600 | org.apache.activemq.transport.TransportServerThreadSupport | main
2016-08-26 09:41:59,018 | INFO  | Connector amqp started | org.apache.activemq.broker.TransportConnector | main
2016-08-26 09:41:59,033 | INFO  | Listening for connections at: stomp://Lenovo-G40-70:61613?maximumConnections=1000&wireFormat.maxFrameSize=104857600 | org.apache.activemq.transport.TransportServerThreadSupport | main
2016-08-26 09:41:59,035 | INFO  | Connector stomp started | org.apache.activemq.broker.TransportConnector | main
2016-08-26 09:41:59,054 | INFO  | Listening for connections at: mqtt://Lenovo-G40-70:1883?maximumConnections=1000&wireFormat.maxFrameSize=104857600 | org.apache.activemq.transport.TransportServerThreadSupport | main
2016-08-26 09:41:59,055 | INFO  | Connector mqtt started | org.apache.activemq.broker.TransportConnector | main
2016-08-26 09:41:59,507 | INFO  | Listening for connections at ws://Lenovo-G40-70:61614?maximumConnections=1000&wireFormat.maxFrameSize=104857600 | org.apache.activemq.transport.ws.WSTransportServer | main
2016-08-26 09:41:59,507 | INFO  | Connector ws started | org.apache.activemq.broker.TransportConnector | main
2016-08-26 09:41:59,570 | INFO  | Apache ActiveMQ 5.9.0 (localhost, ID:Lenovo-G40-70-37587-1472222518725-0:1) started | org.apache.activemq.broker.BrokerService | main
2016-08-26 09:41:59,571 | INFO  | For help or more information please see: http://activemq.apache.org | org.apache.activemq.broker.BrokerService | main
2016-08-26 09:41:59,572 | WARN  | Store limit is 102400 mb, whilst the data directory: /opt/lampp/htdocs/sistemas_distribuidos/apache-activemq-5.9.0/data/kahadb only has 11212 mb of usable space - resetting to maximum available disk space: 11212 mb | org.apache.activemq.broker.BrokerService | main
2016-08-26 09:41:59,573 | ERROR | Temporary Store limit is 51200 mb, whilst the temporary data directory: /opt/lampp/htdocs/sistemas_distribuidos/apache-activemq-5.9.0/data/localhost/tmp_storage only has 11212 mb of usable space - resetting to maximum available 11212 mb. | org.apache.activemq.broker.BrokerService | main
2016-08-26 09:42:00,440 | INFO  | Welcome to hawtio 1.2-M23 : http://hawt.io/ : Don't cha wish your console was hawt like me? ;-) | io.hawt.jmx.JmxTreeWatcher | main
2016-08-26 09:42:00,463 | INFO  | Starting hawtio authentication filter, JAAS realm: "activemq" authorized role: "admins" role principal classes: "org.apache.activemq.jaas.GroupPrincipal" | io.hawt.web.AuthenticationFilter | main
2016-08-26 09:42:00,540 | INFO  | Using file upload directory: /opt/lampp/htdocs/sistemas_distribuidos/apache-activemq-5.9.0/tmp/uploads | io.hawt.web.UploadServlet | main
2016-08-26 09:42:00,565 | INFO  | jolokia-agent: Using access restrictor classpath:/jolokia-access.xml | /hawtio | main
2016-08-26 09:42:01,209 | INFO  | ActiveMQ WebConsole available at http://localhost:8161/ | org.apache.activemq.web.WebConsoleStarter | main
2016-08-26 09:42:01,269 | INFO  | Initializing Spring FrameworkServlet 'dispatcher' | /admin | main
2016-08-26 09:46:55,531 | WARN  | Transport Connection to: tcp://127.0.0.1:33194 failed: java.io.EOFException | org.apache.activemq.broker.TransportConnection.Transport | ActiveMQ Transport: tcp:///127.0.0.1:33194@61616
2016-08-26 09:51:32,707 | WARN  | Transport Connection to: tcp://127.0.0.1:33252 failed: java.io.EOFException | org.apache.activemq.broker.TransportConnection.Transport | ActiveMQ Transport: tcp:///127.0.0.1:33252@61616
2016-08-26 09:56:44,860 | INFO  | Connector vm://localhost started | org.apache.activemq.broker.TransportConnector | qtp990178993-38
